#-----------------------------------------------------------
# Vivado v2018.2 (64-bit)
# SW Build 2258646 on Thu Jun 14 20:03:12 MDT 2018
# IP Build 2256618 on Thu Jun 14 22:10:49 MDT 2018
# Start of session at: Wed Dec 12 11:33:43 2018
# Process ID: 5080
# Current directory: L:/VidadoLabs/Computer_Architecture_07_2019_Labogialo
# Command line: vivado.exe -gui_launcher_event rodinguilauncherevent3944 L:\VidadoLabs\Computer_Architecture_07_2019_Labogialo\Computer_Architecture_07_2019_Labogialo.xpr
# Log file: L:/VidadoLabs/Computer_Architecture_07_2019_Labogialo/vivado.log
# Journal file: L:/VidadoLabs/Computer_Architecture_07_2019_Labogialo\vivado.jou
#-----------------------------------------------------------
start_gui
open_project L:/VidadoLabs/Computer_Architecture_07_2019_Labogialo/Computer_Architecture_07_2019_Labogialo.xpr
Scanning sources...
Finished scanning sources
INFO: [IP_Flow 19-234] Refreshing IP repositories
INFO: [IP_Flow 19-1704] No user IP repositories specified
INFO: [IP_Flow 19-2313] Loaded Vivado IP repository 'L:/Xilinx/Vivado/2018.2/data/ip'.
open_project: Time (s): cpu = 00:00:09 ; elapsed = 00:00:13 . Memory (MB): peak = 753.117 ; gain = 44.832
exit
INFO: [Common 17-206] Exiting Vivado at Wed Dec 12 14:24:16 2018...
