#-----------------------------------------------------------
# Vivado v2018.2 (64-bit)
# SW Build 2258646 on Thu Jun 14 20:03:12 MDT 2018
# IP Build 2256618 on Thu Jun 14 22:10:49 MDT 2018
# Start of session at: Tue Dec 11 21:47:19 2018
# Process ID: 1260
# Current directory: L:/VidadoLabs/Computer_Architecture_07_2019_Labogialo
# Command line: vivado.exe -gui_launcher_event rodinguilauncherevent8008 L:\VidadoLabs\Computer_Architecture_07_2019_Labogialo\Computer_Architecture_07_2019_Labogialo.xpr
# Log file: L:/VidadoLabs/Computer_Architecture_07_2019_Labogialo/vivado.log
# Journal file: L:/VidadoLabs/Computer_Architecture_07_2019_Labogialo\vivado.jou
#-----------------------------------------------------------
start_gui
open_project L:/VidadoLabs/Computer_Architecture_07_2019_Labogialo/Computer_Architecture_07_2019_Labogialo.xpr
Scanning sources...
Finished scanning sources
INFO: [IP_Flow 19-234] Refreshing IP repositories
INFO: [IP_Flow 19-1704] No user IP repositories specified
INFO: [IP_Flow 19-2313] Loaded Vivado IP repository 'L:/Xilinx/Vivado/2018.2/data/ip'.
open_project: Time (s): cpu = 00:00:11 ; elapsed = 00:00:06 . Memory (MB): peak = 824.832 ; gain = 55.332
exit
INFO: [Common 17-206] Exiting Vivado at Tue Dec 11 21:53:58 2018...
