#-----------------------------------------------------------
# Vivado v2018.2 (64-bit)
# SW Build 2258646 on Thu Jun 14 20:03:12 MDT 2018
# IP Build 2256618 on Thu Jun 14 22:10:49 MDT 2018
# Start of session at: Thu Dec 13 16:36:42 2018
# Process ID: 8400
# Current directory: C:/Users/Manoz/Desktop/Computer_Architecture/Project/CPUArchitecture
# Command line: vivado.exe -gui_launcher_event rodinguilauncherevent12752 C:\Users\Manoz\Desktop\Computer_Architecture\Project\CPUArchitecture\Computer_Architecture_07_2019_Labogialo.xpr
# Log file: C:/Users/Manoz/Desktop/Computer_Architecture/Project/CPUArchitecture/vivado.log
# Journal file: C:/Users/Manoz/Desktop/Computer_Architecture/Project/CPUArchitecture\vivado.jou
#-----------------------------------------------------------
start_gui
open_project C:/Users/Manoz/Desktop/Computer_Architecture/Project/CPUArchitecture/Computer_Architecture_07_2019_Labogialo.xpr
INFO: [Project 1-313] Project file moved from 'L:/VidadoLabs/Computer_Architecture_07_2019_Labogialo' since last save.
Scanning sources...
Finished scanning sources
INFO: [IP_Flow 19-234] Refreshing IP repositories
INFO: [IP_Flow 19-1704] No user IP repositories specified
INFO: [IP_Flow 19-2313] Loaded Vivado IP repository 'C:/Xilinx/Vivado/2018.2/data/ip'.
open_project: Time (s): cpu = 00:00:14 ; elapsed = 00:00:18 . Memory (MB): peak = 704.387 ; gain = 48.902
