#-----------------------------------------------------------
# Vivado v2018.2 (64-bit)
# SW Build 2258646 on Thu Jun 14 20:03:12 MDT 2018
# IP Build 2256618 on Thu Jun 14 22:10:49 MDT 2018
# Start of session at: Sun Nov  4 12:12:35 2018
# Process ID: 5212
# Current directory: L:/VidadoLabs/Computer_Architecture_07_2019_Labogialo
# Command line: vivado.exe -gui_launcher_event rodinguilauncherevent17844 L:\VidadoLabs\Computer_Architecture_07_2019_Labogialo\Computer_Architecture_07_2019_Labogialo.xpr
# Log file: L:/VidadoLabs/Computer_Architecture_07_2019_Labogialo/vivado.log
# Journal file: L:/VidadoLabs/Computer_Architecture_07_2019_Labogialo\vivado.jou
#-----------------------------------------------------------
start_gui
open_project L:/VidadoLabs/Computer_Architecture_07_2019_Labogialo/Computer_Architecture_07_2019_Labogialo.xpr
Scanning sources...
Finished scanning sources
INFO: [IP_Flow 19-234] Refreshing IP repositories
INFO: [IP_Flow 19-1704] No user IP repositories specified
INFO: [IP_Flow 19-2313] Loaded Vivado IP repository 'L:/Xilinx/Vivado/2018.2/data/ip'.
open_project: Time (s): cpu = 00:00:09 ; elapsed = 00:00:05 . Memory (MB): peak = 795.309 ; gain = 63.043
export_ip_user_files -of_objects  [get_files L:/VidadoLabs/Computer_Architecture_07_2019_Labogialo/Computer_Architecture_07_2019_Labogialo.srcs/sim_1/new/hththththththt.vhd] -no_script -reset -force -quiet
remove_files  -fileset sim_1 L:/VidadoLabs/Computer_Architecture_07_2019_Labogialo/Computer_Architecture_07_2019_Labogialo.srcs/sim_1/new/hththththththt.vhd
file delete -force L:/VidadoLabs/Computer_Architecture_07_2019_Labogialo/Computer_Architecture_07_2019_Labogialo.srcs/sim_1/new/hththththththt.vhd
export_ip_user_files -of_objects  [get_files L:/VidadoLabs/Computer_Architecture_07_2019_Labogialo/Computer_Architecture_07_2019_Labogialo.srcs/sources_1/new/hthththththththth.vhd] -no_script -reset -force -quiet
remove_files  L:/VidadoLabs/Computer_Architecture_07_2019_Labogialo/Computer_Architecture_07_2019_Labogialo.srcs/sources_1/new/hthththththththth.vhd
file delete -force L:/VidadoLabs/Computer_Architecture_07_2019_Labogialo/Computer_Architecture_07_2019_Labogialo.srcs/sources_1/new/hthththththththth.vhd
exit
INFO: [Common 17-206] Exiting Vivado at Sun Nov  4 12:16:36 2018...
