#-----------------------------------------------------------
# Vivado v2018.2 (64-bit)
# SW Build 2258646 on Thu Jun 14 20:03:12 MDT 2018
# IP Build 2256618 on Thu Jun 14 22:10:49 MDT 2018
# Start of session at: Fri Dec 14 17:27:28 2018
# Process ID: 5032
# Current directory: C:/Users/Manoz/Desktop/Computer_Architecture/Project/CPUArchitecture
# Command line: vivado.exe -gui_launcher_event rodinguilauncherevent5216 C:\Users\Manoz\Desktop\Computer_Architecture\Project\CPUArchitecture\Computer_Architecture_07_2019_Labogialo.xpr
# Log file: C:/Users/Manoz/Desktop/Computer_Architecture/Project/CPUArchitecture/vivado.log
# Journal file: C:/Users/Manoz/Desktop/Computer_Architecture/Project/CPUArchitecture\vivado.jou
#-----------------------------------------------------------
start_gui
open_project C:/Users/Manoz/Desktop/Computer_Architecture/Project/CPUArchitecture/Computer_Architecture_07_2019_Labogialo.xpr
INFO: [Project 1-313] Project file moved from 'L:/VidadoLabs/Computer_Architecture_07_2019_Labogialo' since last save.
Scanning sources...
Finished scanning sources
INFO: [IP_Flow 19-234] Refreshing IP repositories
INFO: [IP_Flow 19-1704] No user IP repositories specified
INFO: [IP_Flow 19-2313] Loaded Vivado IP repository 'C:/Xilinx/Vivado/2018.2/data/ip'.
open_project: Time (s): cpu = 00:00:13 ; elapsed = 00:00:17 . Memory (MB): peak = 718.145 ; gain = 64.695
set_property SOURCE_SET sources_1 [get_filesets sim_1]
close [ open C:/Users/Manoz/Desktop/Computer_Architecture/Project/CPUArchitecture/Computer_Architecture_07_2019_Labogialo.srcs/sim_1/new/tb_ROB.vhd w ]
add_files -fileset sim_1 C:/Users/Manoz/Desktop/Computer_Architecture/Project/CPUArchitecture/Computer_Architecture_07_2019_Labogialo.srcs/sim_1/new/tb_ROB.vhd
set_property top tb_ROB [get_filesets sim_1]
set_property top_lib xil_defaultlib [get_filesets sim_1]
launch_simulation
INFO: [Vivado 12-5682] Launching behavioral simulation in 'C:/Users/Manoz/Desktop/Computer_Architecture/Project/CPUArchitecture/Computer_Architecture_07_2019_Labogialo.sim/sim_1/behav/xsim'
INFO: [SIM-utils-51] Simulation object is 'sim_1'
INFO: [SIM-utils-54] Inspecting design source files for 'tb_ROB' in fileset 'sim_1'...
INFO: [USF-XSim-97] Finding global include files...
INFO: [USF-XSim-100] Fetching design files from 'sources_1'...(this may take a while)...
INFO: [USF-XSim-101] Fetching design files from 'sim_1'...
INFO: [USF-XSim-2] XSim::Compile design
INFO: [USF-XSim-61] Executing 'COMPILE and ANALYZE' step in 'C:/Users/Manoz/Desktop/Computer_Architecture/Project/CPUArchitecture/Computer_Architecture_07_2019_Labogialo.sim/sim_1/behav/xsim'
"xvhdl --incr --relax -prj tb_ROB_vhdl.prj"
INFO: [VRFC 10-163] Analyzing VHDL file "C:/Users/Manoz/Desktop/Computer_Architecture/Project/CPUArchitecture/Computer_Architecture_07_2019_Labogialo.srcs/sources_1/new/CDB.vhd" into library xil_defaultlib
INFO: [VRFC 10-307] analyzing entity CDB
INFO: [VRFC 10-163] Analyzing VHDL file "C:/Users/Manoz/Desktop/Computer_Architecture/Project/CPUArchitecture/Computer_Architecture_07_2019_Labogialo.srcs/sources_1/new/FU_Arithmetic.vhd" into library xil_defaultlib
INFO: [VRFC 10-307] analyzing entity FU_Arithmetic
INFO: [VRFC 10-163] Analyzing VHDL file "C:/Users/Manoz/Desktop/Computer_Architecture/Project/CPUArchitecture/Computer_Architecture_07_2019_Labogialo.srcs/sources_1/new/FU_Logical.vhd" into library xil_defaultlib
INFO: [VRFC 10-307] analyzing entity FU_Logical
INFO: [VRFC 10-163] Analyzing VHDL file "C:/Users/Manoz/Desktop/Computer_Architecture/Project/CPUArchitecture/Computer_Architecture_07_2019_Labogialo.srcs/sources_1/new/Issue.vhd" into library xil_defaultlib
INFO: [VRFC 10-307] analyzing entity Issue
INFO: [VRFC 10-163] Analyzing VHDL file "C:/Users/Manoz/Desktop/Computer_Architecture/Project/CPUArchitecture/Computer_Architecture_07_2019_Labogialo.srcs/sources_1/new/MC.vhd" into library xil_defaultlib
INFO: [VRFC 10-307] analyzing entity MC
INFO: [VRFC 10-163] Analyzing VHDL file "C:/Users/Manoz/Desktop/Computer_Architecture/Project/CPUArchitecture/Computer_Architecture_07_2019_Labogialo.srcs/sources_1/new/MC_RS_FU_A.vhd" into library xil_defaultlib
INFO: [VRFC 10-307] analyzing entity MC_RS_FU_A
INFO: [VRFC 10-163] Analyzing VHDL file "C:/Users/Manoz/Desktop/Computer_Architecture/Project/CPUArchitecture/Computer_Architecture_07_2019_Labogialo.srcs/sources_1/new/MC_RS_FU_L.vhd" into library xil_defaultlib
INFO: [VRFC 10-307] analyzing entity MC_RS_FU_L
INFO: [VRFC 10-163] Analyzing VHDL file "C:/Users/Manoz/Desktop/Computer_Architecture/Project/CPUArchitecture/Computer_Architecture_07_2019_Labogialo.srcs/sources_1/new/RF.vhd" into library xil_defaultlib
INFO: [VRFC 10-307] analyzing entity RF
INFO: [VRFC 10-163] Analyzing VHDL file "C:/Users/Manoz/Desktop/Computer_Architecture/Project/CPUArchitecture/Computer_Architecture_07_2019_Labogialo.srcs/sources_1/new/RF_part.vhd" into library xil_defaultlib
INFO: [VRFC 10-307] analyzing entity RF_part
INFO: [VRFC 10-163] Analyzing VHDL file "C:/Users/Manoz/Desktop/Computer_Architecture/Project/CPUArchitecture/Computer_Architecture_07_2019_Labogialo.srcs/sources_1/imports/test1_1/RS_Arithmetic.vhd" into library xil_defaultlib
INFO: [VRFC 10-307] analyzing entity RS_Arithmetic
INFO: [VRFC 10-163] Analyzing VHDL file "C:/Users/Manoz/Desktop/Computer_Architecture/Project/CPUArchitecture/Computer_Architecture_07_2019_Labogialo.srcs/sources_1/imports/test1_1/RS_Logical.vhd" into library xil_defaultlib
INFO: [VRFC 10-307] analyzing entity RS_Logical
INFO: [VRFC 10-163] Analyzing VHDL file "C:/Users/Manoz/Desktop/Computer_Architecture/Project/CPUArchitecture/Computer_Architecture_07_2019_Labogialo.srcs/sources_1/imports/test1_1/RS_part.vhd" into library xil_defaultlib
INFO: [VRFC 10-307] analyzing entity RS_part
INFO: [VRFC 10-163] Analyzing VHDL file "C:/Users/Manoz/Desktop/Computer_Architecture/Project/CPUArchitecture/Computer_Architecture_07_2019_Labogialo.srcs/sources_1/imports/test1_1/Reg_32bit.vhd" into library xil_defaultlib
INFO: [VRFC 10-307] analyzing entity Reg_32bit
INFO: [VRFC 10-163] Analyzing VHDL file "C:/Users/Manoz/Desktop/Computer_Architecture/Project/CPUArchitecture/Computer_Architecture_07_2019_Labogialo.srcs/sources_1/imports/test1_1/Reg_5bit.vhd" into library xil_defaultlib
INFO: [VRFC 10-307] analyzing entity Reg_5bit
INFO: [VRFC 10-163] Analyzing VHDL file "C:/Users/Manoz/Desktop/Computer_Architecture/Project/CPUArchitecture/Computer_Architecture_07_2019_Labogialo.srcs/sources_1/new/Tomatulo.vhd" into library xil_defaultlib
INFO: [VRFC 10-307] analyzing entity Tomatulo
INFO: [VRFC 10-163] Analyzing VHDL file "C:/Users/Manoz/Desktop/Computer_Architecture/Project/CPUArchitecture/Computer_Architecture_07_2019_Labogialo.srcs/sources_1/new/ROB.vhd" into library xil_defaultlib
INFO: [VRFC 10-307] analyzing entity ROB
INFO: [VRFC 10-163] Analyzing VHDL file "C:/Users/Manoz/Desktop/Computer_Architecture/Project/CPUArchitecture/Computer_Architecture_07_2019_Labogialo.srcs/sim_1/new/RF_Bench.vhd" into library xil_defaultlib
INFO: [VRFC 10-307] analyzing entity tb_RF
INFO: [VRFC 10-163] Analyzing VHDL file "C:/Users/Manoz/Desktop/Computer_Architecture/Project/CPUArchitecture/Computer_Architecture_07_2019_Labogialo.srcs/sim_1/new/Tomatulo_part1_TestBench.vhd" into library xil_defaultlib
INFO: [VRFC 10-307] analyzing entity tb_Tomatulo
INFO: [VRFC 10-163] Analyzing VHDL file "C:/Users/Manoz/Desktop/Computer_Architecture/Project/CPUArchitecture/Computer_Architecture_07_2019_Labogialo.srcs/sim_1/new/tb_MC_RS_FU_A.vhd" into library xil_defaultlib
INFO: [VRFC 10-307] analyzing entity tb_MC_RS_FU_A
INFO: [VRFC 10-163] Analyzing VHDL file "C:/Users/Manoz/Desktop/Computer_Architecture/Project/CPUArchitecture/Computer_Architecture_07_2019_Labogialo.srcs/sim_1/new/Issue_Unit_Bench.vhd" into library xil_defaultlib
INFO: [VRFC 10-307] analyzing entity tb_Issue
INFO: [VRFC 10-163] Analyzing VHDL file "C:/Users/Manoz/Desktop/Computer_Architecture/Project/CPUArchitecture/Computer_Architecture_07_2019_Labogialo.srcs/sim_1/new/CDB_Bench.vhd" into library xil_defaultlib
INFO: [VRFC 10-307] analyzing entity tb_CDB
INFO: [VRFC 10-163] Analyzing VHDL file "C:/Users/Manoz/Desktop/Computer_Architecture/Project/CPUArchitecture/Computer_Architecture_07_2019_Labogialo.srcs/sim_1/new/bench_tesst.vhd" into library xil_defaultlib
INFO: [VRFC 10-307] analyzing entity bench_tesst
INFO: [VRFC 10-163] Analyzing VHDL file "C:/Users/Manoz/Desktop/Computer_Architecture/Project/CPUArchitecture/Computer_Architecture_07_2019_Labogialo.srcs/sim_1/new/tb_ROB.vhd" into library xil_defaultlib
INFO: [VRFC 10-307] analyzing entity tb_ROB
run_program: Time (s): cpu = 00:00:00 ; elapsed = 00:00:05 . Memory (MB): peak = 789.883 ; gain = 0.000
INFO: [USF-XSim-69] 'compile' step finished in '6' seconds
INFO: [USF-XSim-3] XSim::Elaborate design
INFO: [USF-XSim-61] Executing 'ELABORATE' step in 'C:/Users/Manoz/Desktop/Computer_Architecture/Project/CPUArchitecture/Computer_Architecture_07_2019_Labogialo.sim/sim_1/behav/xsim'
Vivado Simulator 2018.2
Copyright 1986-1999, 2001-2018 Xilinx, Inc. All Rights Reserved.
Running: C:/Xilinx/Vivado/2018.2/bin/unwrapped/win64.o/xelab.exe -wto 0aa84a4a237a4637bc7b367928729c99 --incr --debug typical --relax --mt 2 -L xil_defaultlib -L secureip --snapshot tb_ROB_behav xil_defaultlib.tb_ROB -log elaborate.log 
Using 2 slave threads.
Starting static elaboration
Completed static elaboration
Starting simulation data flow analysis
Completed simulation data flow analysis
Time Resolution for simulation is 1ps
Compiling package std.standard
Compiling package std.textio
Compiling package ieee.std_logic_1164
Compiling package ieee.std_logic_arith
Compiling package ieee.std_logic_unsigned
Compiling package ieee.numeric_std
Compiling architecture behavioral of entity xil_defaultlib.ROB [rob_default]
Compiling architecture tb of entity xil_defaultlib.tb_rob
Built simulation snapshot tb_ROB_behav

****** Webtalk v2018.2 (64-bit)
  **** SW Build 2258646 on Thu Jun 14 20:03:12 MDT 2018
  **** IP Build 2256618 on Thu Jun 14 22:10:49 MDT 2018
    ** Copyright 1986-2018 Xilinx, Inc. All Rights Reserved.

source C:/Users/Manoz/Desktop/Computer_Architecture/Project/CPUArchitecture/Computer_Architecture_07_2019_Labogialo.sim/sim_1/behav/xsim/xsim.dir/tb_ROB_behav/webtalk/xsim_webtalk.tcl -notrace
INFO: [Common 17-186] 'C:/Users/Manoz/Desktop/Computer_Architecture/Project/CPUArchitecture/Computer_Architecture_07_2019_Labogialo.sim/sim_1/behav/xsim/xsim.dir/tb_ROB_behav/webtalk/usage_statistics_ext_xsim.xml' has been successfully sent to Xilinx on Fri Dec 14 18:52:02 2018. For additional details about this file, please refer to the WebTalk help file at C:/Xilinx/Vivado/2018.2/doc/webtalk_introduction.html.
webtalk_transmit: Time (s): cpu = 00:00:00 ; elapsed = 00:00:05 . Memory (MB): peak = 53.969 ; gain = 1.082
INFO: [Common 17-206] Exiting Webtalk at Fri Dec 14 18:52:02 2018...
run_program: Time (s): cpu = 00:00:00 ; elapsed = 00:00:15 . Memory (MB): peak = 789.883 ; gain = 0.000
INFO: [USF-XSim-69] 'elaborate' step finished in '15' seconds
INFO: [USF-XSim-4] XSim::Simulate design
INFO: [USF-XSim-61] Executing 'SIMULATE' step in 'C:/Users/Manoz/Desktop/Computer_Architecture/Project/CPUArchitecture/Computer_Architecture_07_2019_Labogialo.sim/sim_1/behav/xsim'
INFO: [USF-XSim-98] *** Running xsim
   with args "tb_ROB_behav -key {Behavioral:sim_1:Functional:tb_ROB} -tclbatch {tb_ROB.tcl} -view {C:/Users/Manoz/Desktop/Computer_Architecture/Project/CPUArchitecture/tb_Tomatulo_behav.wcfg} -log {simulate.log}"
INFO: [USF-XSim-8] Loading simulator feature
Vivado Simulator 2018.2
Time resolution is 1 ps
open_wave_config C:/Users/Manoz/Desktop/Computer_Architecture/Project/CPUArchitecture/tb_Tomatulo_behav.wcfg
WARNING: Simulation object /tb_Tomatulo/CLK was not found in the design.
WARNING: Simulation object /tb_Tomatulo/R_dest was not found in the design.
WARNING: Simulation object /tb_Tomatulo/Rk_addr was not found in the design.
WARNING: Simulation object /tb_Tomatulo/Rj_addr was not found in the design.
WARNING: Simulation object /tb_Tomatulo/dut/MC_Unit/OpCode was not found in the design.
WARNING: Simulation object /tb_Tomatulo/Issue_in was not found in the design.
WARNING: Simulation object /tb_Tomatulo/Accepted was not found in the design.
WARNING: Simulation object /tb_Tomatulo/dut/MC_Unit/MC_RS_FU_A_Unit/RS_A/OpCode_RS1_OUT was not found in the design.
WARNING: Simulation object /tb_Tomatulo/dut/MC_Unit/MC_RS_FU_A_Unit/RS_A/OpCode_RS2_OUT was not found in the design.
WARNING: Simulation object /tb_Tomatulo/dut/MC_Unit/MC_RS_FU_A_Unit/RS_A/OpCode_RS3_OUT was not found in the design.
WARNING: Simulation object /tb_Tomatulo/dut/MC_Unit/MC_RS_FU_L_Unit/RS_L/OpCode_RS1_OUT was not found in the design.
WARNING: Simulation object /tb_Tomatulo/dut/MC_Unit/MC_RS_FU_L_Unit/RS_L/OpCode_RS2_OUT was not found in the design.
WARNING: Simulation object /tb_Tomatulo/dut/MC_Unit/MC_RS_FU_A_Unit/FU_A/Tag_1 was not found in the design.
WARNING: Simulation object /tb_Tomatulo/dut/MC_Unit/MC_RS_FU_A_Unit/FU_A/Tag_2 was not found in the design.
WARNING: Simulation object /tb_Tomatulo/dut/MC_Unit/MC_RS_FU_A_Unit/FU_A/Tag_OUT was not found in the design.
WARNING: Simulation object /tb_Tomatulo/dut/MC_Unit/MC_RS_FU_A_Unit/FU_A/Result_A was not found in the design.
WARNING: Simulation object /tb_Tomatulo/dut/MC_Unit/MC_RS_FU_L_Unit/FU_L/Tag_1 was not found in the design.
WARNING: Simulation object /tb_Tomatulo/dut/MC_Unit/MC_RS_FU_L_Unit/FU_L/Tag_OUT was not found in the design.
WARNING: Simulation object /tb_Tomatulo/dut/MC_Unit/MC_RS_FU_L_Unit/FU_L/Result_L was not found in the design.
WARNING: Simulation object /tb_Tomatulo/dut/MC_Unit/Poke_out_A was not found in the design.
WARNING: Simulation object /tb_Tomatulo/dut/MC_Unit/Grand_in_A was not found in the design.
WARNING: Simulation object /tb_Tomatulo/dut/MC_Unit/Poke_out_L was not found in the design.
WARNING: Simulation object /tb_Tomatulo/dut/MC_Unit/Grand_in_L was not found in the design.
WARNING: Simulation object /tb_Tomatulo/dut/CDB_Unit/CDB_V_OUT was not found in the design.
WARNING: Simulation object /tb_Tomatulo/dut/CDB_Unit/CDB_Q_OUT was not found in the design.
WARNING: Simulation object /tb_Tomatulo/dut/RF_Unit/R1/R_OUT was not found in the design.
WARNING: Simulation object /tb_Tomatulo/dut/RF_Unit/R2/R_OUT was not found in the design.
WARNING: Simulation object /tb_Tomatulo/dut/RF_Unit/R3/R_OUT was not found in the design.
WARNING: Simulation object /tb_Tomatulo/dut/RF_Unit/R4/R_OUT was not found in the design.
WARNING: Simulation object /tb_Tomatulo/dut/RF_Unit/R5/R_OUT was not found in the design.
WARNING: Simulation object /tb_Tomatulo/dut/RF_Unit/R6/R_OUT was not found in the design.
WARNING: Simulation object /tb_Tomatulo/dut/RF_Unit/R7/R_OUT was not found in the design.
WARNING: Simulation object /tb_Tomatulo/dut/RF_Unit/R8/R_OUT was not found in the design.
source tb_ROB.tcl
# set curr_wave [current_wave_config]
# if { [string length $curr_wave] == 0 } {
#   if { [llength [get_objects]] > 0} {
#     add_wave /
#     set_property needs_save false [current_wave_config]
#   } else {
#      send_msg_id Add_Wave-1 WARNING "No top level signals found. Simulator will start without a wave window. If you want to open a wave window go to 'File->New Waveform Configuration' or type 'create_wave_config' in the TCL console."
#   }
# }
# run 1000ns
INFO: [USF-XSim-96] XSim completed. Design snapshot 'tb_ROB_behav' loaded.
INFO: [USF-XSim-97] XSim simulation ran for 1000ns
launch_simulation: Time (s): cpu = 00:00:06 ; elapsed = 00:00:25 . Memory (MB): peak = 802.766 ; gain = 12.883
close_sim
INFO: [Simtcl 6-16] Simulation closed
close_sim: Time (s): cpu = 00:00:00 ; elapsed = 00:00:06 . Memory (MB): peak = 802.766 ; gain = 0.000
launch_simulation
INFO: [Vivado 12-5682] Launching behavioral simulation in 'C:/Users/Manoz/Desktop/Computer_Architecture/Project/CPUArchitecture/Computer_Architecture_07_2019_Labogialo.sim/sim_1/behav/xsim'
INFO: [SIM-utils-51] Simulation object is 'sim_1'
INFO: [SIM-utils-54] Inspecting design source files for 'tb_ROB' in fileset 'sim_1'...
INFO: [USF-XSim-97] Finding global include files...
INFO: [USF-XSim-100] Fetching design files from 'sources_1'...(this may take a while)...
INFO: [USF-XSim-101] Fetching design files from 'sim_1'...
INFO: [USF-XSim-2] XSim::Compile design
INFO: [USF-XSim-61] Executing 'COMPILE and ANALYZE' step in 'C:/Users/Manoz/Desktop/Computer_Architecture/Project/CPUArchitecture/Computer_Architecture_07_2019_Labogialo.sim/sim_1/behav/xsim'
"xvhdl --incr --relax -prj tb_ROB_vhdl.prj"
INFO: [USF-XSim-69] 'compile' step finished in '1' seconds
INFO: [USF-XSim-3] XSim::Elaborate design
INFO: [USF-XSim-61] Executing 'ELABORATE' step in 'C:/Users/Manoz/Desktop/Computer_Architecture/Project/CPUArchitecture/Computer_Architecture_07_2019_Labogialo.sim/sim_1/behav/xsim'
Vivado Simulator 2018.2
Copyright 1986-1999, 2001-2018 Xilinx, Inc. All Rights Reserved.
Running: C:/Xilinx/Vivado/2018.2/bin/unwrapped/win64.o/xelab.exe -wto 0aa84a4a237a4637bc7b367928729c99 --incr --debug typical --relax --mt 2 -L xil_defaultlib -L secureip --snapshot tb_ROB_behav xil_defaultlib.tb_ROB -log elaborate.log 
Using 2 slave threads.
Starting static elaboration
Completed static elaboration
INFO: [XSIM 43-4323] No Change in HDL. Linking previously generated obj files to create kernel
INFO: [USF-XSim-69] 'elaborate' step finished in '2' seconds
INFO: [USF-XSim-4] XSim::Simulate design
INFO: [USF-XSim-61] Executing 'SIMULATE' step in 'C:/Users/Manoz/Desktop/Computer_Architecture/Project/CPUArchitecture/Computer_Architecture_07_2019_Labogialo.sim/sim_1/behav/xsim'
INFO: [USF-XSim-98] *** Running xsim
   with args "tb_ROB_behav -key {Behavioral:sim_1:Functional:tb_ROB} -tclbatch {tb_ROB.tcl} -view {C:/Users/Manoz/Desktop/Computer_Architecture/Project/CPUArchitecture/tb_Tomatulo_behav.wcfg} -log {simulate.log}"
INFO: [USF-XSim-8] Loading simulator feature
Vivado Simulator 2018.2
Time resolution is 1 ps
open_wave_config C:/Users/Manoz/Desktop/Computer_Architecture/Project/CPUArchitecture/tb_Tomatulo_behav.wcfg
WARNING: Simulation object /tb_Tomatulo/CLK was not found in the design.
WARNING: Simulation object /tb_Tomatulo/R_dest was not found in the design.
WARNING: Simulation object /tb_Tomatulo/Rk_addr was not found in the design.
WARNING: Simulation object /tb_Tomatulo/Rj_addr was not found in the design.
WARNING: Simulation object /tb_Tomatulo/dut/MC_Unit/OpCode was not found in the design.
WARNING: Simulation object /tb_Tomatulo/Issue_in was not found in the design.
WARNING: Simulation object /tb_Tomatulo/Accepted was not found in the design.
WARNING: Simulation object /tb_Tomatulo/dut/MC_Unit/MC_RS_FU_A_Unit/RS_A/OpCode_RS1_OUT was not found in the design.
WARNING: Simulation object /tb_Tomatulo/dut/MC_Unit/MC_RS_FU_A_Unit/RS_A/OpCode_RS2_OUT was not found in the design.
WARNING: Simulation object /tb_Tomatulo/dut/MC_Unit/MC_RS_FU_A_Unit/RS_A/OpCode_RS3_OUT was not found in the design.
WARNING: Simulation object /tb_Tomatulo/dut/MC_Unit/MC_RS_FU_L_Unit/RS_L/OpCode_RS1_OUT was not found in the design.
WARNING: Simulation object /tb_Tomatulo/dut/MC_Unit/MC_RS_FU_L_Unit/RS_L/OpCode_RS2_OUT was not found in the design.
WARNING: Simulation object /tb_Tomatulo/dut/MC_Unit/MC_RS_FU_A_Unit/FU_A/Tag_1 was not found in the design.
WARNING: Simulation object /tb_Tomatulo/dut/MC_Unit/MC_RS_FU_A_Unit/FU_A/Tag_2 was not found in the design.
WARNING: Simulation object /tb_Tomatulo/dut/MC_Unit/MC_RS_FU_A_Unit/FU_A/Tag_OUT was not found in the design.
WARNING: Simulation object /tb_Tomatulo/dut/MC_Unit/MC_RS_FU_A_Unit/FU_A/Result_A was not found in the design.
WARNING: Simulation object /tb_Tomatulo/dut/MC_Unit/MC_RS_FU_L_Unit/FU_L/Tag_1 was not found in the design.
WARNING: Simulation object /tb_Tomatulo/dut/MC_Unit/MC_RS_FU_L_Unit/FU_L/Tag_OUT was not found in the design.
WARNING: Simulation object /tb_Tomatulo/dut/MC_Unit/MC_RS_FU_L_Unit/FU_L/Result_L was not found in the design.
WARNING: Simulation object /tb_Tomatulo/dut/MC_Unit/Poke_out_A was not found in the design.
WARNING: Simulation object /tb_Tomatulo/dut/MC_Unit/Grand_in_A was not found in the design.
WARNING: Simulation object /tb_Tomatulo/dut/MC_Unit/Poke_out_L was not found in the design.
WARNING: Simulation object /tb_Tomatulo/dut/MC_Unit/Grand_in_L was not found in the design.
WARNING: Simulation object /tb_Tomatulo/dut/CDB_Unit/CDB_V_OUT was not found in the design.
WARNING: Simulation object /tb_Tomatulo/dut/CDB_Unit/CDB_Q_OUT was not found in the design.
WARNING: Simulation object /tb_Tomatulo/dut/RF_Unit/R1/R_OUT was not found in the design.
WARNING: Simulation object /tb_Tomatulo/dut/RF_Unit/R2/R_OUT was not found in the design.
WARNING: Simulation object /tb_Tomatulo/dut/RF_Unit/R3/R_OUT was not found in the design.
WARNING: Simulation object /tb_Tomatulo/dut/RF_Unit/R4/R_OUT was not found in the design.
WARNING: Simulation object /tb_Tomatulo/dut/RF_Unit/R5/R_OUT was not found in the design.
WARNING: Simulation object /tb_Tomatulo/dut/RF_Unit/R6/R_OUT was not found in the design.
WARNING: Simulation object /tb_Tomatulo/dut/RF_Unit/R7/R_OUT was not found in the design.
WARNING: Simulation object /tb_Tomatulo/dut/RF_Unit/R8/R_OUT was not found in the design.
source tb_ROB.tcl
# set curr_wave [current_wave_config]
# if { [string length $curr_wave] == 0 } {
#   if { [llength [get_objects]] > 0} {
#     add_wave /
#     set_property needs_save false [current_wave_config]
#   } else {
#      send_msg_id Add_Wave-1 WARNING "No top level signals found. Simulator will start without a wave window. If you want to open a wave window go to 'File->New Waveform Configuration' or type 'create_wave_config' in the TCL console."
#   }
# }
# run 1000ns
INFO: [USF-XSim-96] XSim completed. Design snapshot 'tb_ROB_behav' loaded.
INFO: [USF-XSim-97] XSim simulation ran for 1000ns
launch_simulation: Time (s): cpu = 00:00:04 ; elapsed = 00:00:05 . Memory (MB): peak = 807.211 ; gain = 4.445
close_sim
INFO: [Simtcl 6-16] Simulation closed
launch_simulation
INFO: [Vivado 12-5682] Launching behavioral simulation in 'C:/Users/Manoz/Desktop/Computer_Architecture/Project/CPUArchitecture/Computer_Architecture_07_2019_Labogialo.sim/sim_1/behav/xsim'
INFO: [SIM-utils-51] Simulation object is 'sim_1'
INFO: [SIM-utils-54] Inspecting design source files for 'tb_ROB' in fileset 'sim_1'...
INFO: [USF-XSim-97] Finding global include files...
INFO: [USF-XSim-100] Fetching design files from 'sources_1'...(this may take a while)...
INFO: [USF-XSim-101] Fetching design files from 'sim_1'...
INFO: [USF-XSim-2] XSim::Compile design
INFO: [USF-XSim-61] Executing 'COMPILE and ANALYZE' step in 'C:/Users/Manoz/Desktop/Computer_Architecture/Project/CPUArchitecture/Computer_Architecture_07_2019_Labogialo.sim/sim_1/behav/xsim'
"xvhdl --incr --relax -prj tb_ROB_vhdl.prj"
INFO: [VRFC 10-163] Analyzing VHDL file "C:/Users/Manoz/Desktop/Computer_Architecture/Project/CPUArchitecture/Computer_Architecture_07_2019_Labogialo.srcs/sim_1/new/tb_ROB.vhd" into library xil_defaultlib
INFO: [VRFC 10-307] analyzing entity tb_ROB
INFO: [USF-XSim-69] 'compile' step finished in '1' seconds
INFO: [USF-XSim-3] XSim::Elaborate design
INFO: [USF-XSim-61] Executing 'ELABORATE' step in 'C:/Users/Manoz/Desktop/Computer_Architecture/Project/CPUArchitecture/Computer_Architecture_07_2019_Labogialo.sim/sim_1/behav/xsim'
Vivado Simulator 2018.2
Copyright 1986-1999, 2001-2018 Xilinx, Inc. All Rights Reserved.
Running: C:/Xilinx/Vivado/2018.2/bin/unwrapped/win64.o/xelab.exe -wto 0aa84a4a237a4637bc7b367928729c99 --incr --debug typical --relax --mt 2 -L xil_defaultlib -L secureip --snapshot tb_ROB_behav xil_defaultlib.tb_ROB -log elaborate.log 
Using 2 slave threads.
Starting static elaboration
Completed static elaboration
Starting simulation data flow analysis
Completed simulation data flow analysis
Time Resolution for simulation is 1ps
Compiling package std.standard
Compiling package std.textio
Compiling package ieee.std_logic_1164
Compiling package ieee.std_logic_arith
Compiling package ieee.std_logic_unsigned
Compiling package ieee.numeric_std
Compiling architecture behavioral of entity xil_defaultlib.ROB [rob_default]
Compiling architecture tb of entity xil_defaultlib.tb_rob
Built simulation snapshot tb_ROB_behav
INFO: [USF-XSim-69] 'elaborate' step finished in '2' seconds
INFO: [USF-XSim-4] XSim::Simulate design
INFO: [USF-XSim-61] Executing 'SIMULATE' step in 'C:/Users/Manoz/Desktop/Computer_Architecture/Project/CPUArchitecture/Computer_Architecture_07_2019_Labogialo.sim/sim_1/behav/xsim'
INFO: [USF-XSim-98] *** Running xsim
   with args "tb_ROB_behav -key {Behavioral:sim_1:Functional:tb_ROB} -tclbatch {tb_ROB.tcl} -view {C:/Users/Manoz/Desktop/Computer_Architecture/Project/CPUArchitecture/tb_Tomatulo_behav.wcfg} -log {simulate.log}"
INFO: [USF-XSim-8] Loading simulator feature
Vivado Simulator 2018.2
Time resolution is 1 ps
open_wave_config C:/Users/Manoz/Desktop/Computer_Architecture/Project/CPUArchitecture/tb_Tomatulo_behav.wcfg
WARNING: Simulation object /tb_Tomatulo/CLK was not found in the design.
WARNING: Simulation object /tb_Tomatulo/R_dest was not found in the design.
WARNING: Simulation object /tb_Tomatulo/Rk_addr was not found in the design.
WARNING: Simulation object /tb_Tomatulo/Rj_addr was not found in the design.
WARNING: Simulation object /tb_Tomatulo/dut/MC_Unit/OpCode was not found in the design.
WARNING: Simulation object /tb_Tomatulo/Issue_in was not found in the design.
WARNING: Simulation object /tb_Tomatulo/Accepted was not found in the design.
WARNING: Simulation object /tb_Tomatulo/dut/MC_Unit/MC_RS_FU_A_Unit/RS_A/OpCode_RS1_OUT was not found in the design.
WARNING: Simulation object /tb_Tomatulo/dut/MC_Unit/MC_RS_FU_A_Unit/RS_A/OpCode_RS2_OUT was not found in the design.
WARNING: Simulation object /tb_Tomatulo/dut/MC_Unit/MC_RS_FU_A_Unit/RS_A/OpCode_RS3_OUT was not found in the design.
WARNING: Simulation object /tb_Tomatulo/dut/MC_Unit/MC_RS_FU_L_Unit/RS_L/OpCode_RS1_OUT was not found in the design.
WARNING: Simulation object /tb_Tomatulo/dut/MC_Unit/MC_RS_FU_L_Unit/RS_L/OpCode_RS2_OUT was not found in the design.
WARNING: Simulation object /tb_Tomatulo/dut/MC_Unit/MC_RS_FU_A_Unit/FU_A/Tag_1 was not found in the design.
WARNING: Simulation object /tb_Tomatulo/dut/MC_Unit/MC_RS_FU_A_Unit/FU_A/Tag_2 was not found in the design.
WARNING: Simulation object /tb_Tomatulo/dut/MC_Unit/MC_RS_FU_A_Unit/FU_A/Tag_OUT was not found in the design.
WARNING: Simulation object /tb_Tomatulo/dut/MC_Unit/MC_RS_FU_A_Unit/FU_A/Result_A was not found in the design.
WARNING: Simulation object /tb_Tomatulo/dut/MC_Unit/MC_RS_FU_L_Unit/FU_L/Tag_1 was not found in the design.
WARNING: Simulation object /tb_Tomatulo/dut/MC_Unit/MC_RS_FU_L_Unit/FU_L/Tag_OUT was not found in the design.
WARNING: Simulation object /tb_Tomatulo/dut/MC_Unit/MC_RS_FU_L_Unit/FU_L/Result_L was not found in the design.
WARNING: Simulation object /tb_Tomatulo/dut/MC_Unit/Poke_out_A was not found in the design.
WARNING: Simulation object /tb_Tomatulo/dut/MC_Unit/Grand_in_A was not found in the design.
WARNING: Simulation object /tb_Tomatulo/dut/MC_Unit/Poke_out_L was not found in the design.
WARNING: Simulation object /tb_Tomatulo/dut/MC_Unit/Grand_in_L was not found in the design.
WARNING: Simulation object /tb_Tomatulo/dut/CDB_Unit/CDB_V_OUT was not found in the design.
WARNING: Simulation object /tb_Tomatulo/dut/CDB_Unit/CDB_Q_OUT was not found in the design.
WARNING: Simulation object /tb_Tomatulo/dut/RF_Unit/R1/R_OUT was not found in the design.
WARNING: Simulation object /tb_Tomatulo/dut/RF_Unit/R2/R_OUT was not found in the design.
WARNING: Simulation object /tb_Tomatulo/dut/RF_Unit/R3/R_OUT was not found in the design.
WARNING: Simulation object /tb_Tomatulo/dut/RF_Unit/R4/R_OUT was not found in the design.
WARNING: Simulation object /tb_Tomatulo/dut/RF_Unit/R5/R_OUT was not found in the design.
WARNING: Simulation object /tb_Tomatulo/dut/RF_Unit/R6/R_OUT was not found in the design.
WARNING: Simulation object /tb_Tomatulo/dut/RF_Unit/R7/R_OUT was not found in the design.
WARNING: Simulation object /tb_Tomatulo/dut/RF_Unit/R8/R_OUT was not found in the design.
source tb_ROB.tcl
# set curr_wave [current_wave_config]
# if { [string length $curr_wave] == 0 } {
#   if { [llength [get_objects]] > 0} {
#     add_wave /
#     set_property needs_save false [current_wave_config]
#   } else {
#      send_msg_id Add_Wave-1 WARNING "No top level signals found. Simulator will start without a wave window. If you want to open a wave window go to 'File->New Waveform Configuration' or type 'create_wave_config' in the TCL console."
#   }
# }
# run 1000ns
INFO: [USF-XSim-96] XSim completed. Design snapshot 'tb_ROB_behav' loaded.
INFO: [USF-XSim-97] XSim simulation ran for 1000ns
launch_simulation: Time (s): cpu = 00:00:02 ; elapsed = 00:00:05 . Memory (MB): peak = 807.211 ; gain = 0.000
restart
INFO: [Simtcl 6-17] Simulation restarted
run 200 ns
close_sim
INFO: [Simtcl 6-16] Simulation closed
set_property is_enabled false [get_files  C:/Users/Manoz/Desktop/Computer_Architecture/Project/CPUArchitecture/Computer_Architecture_07_2019_Labogialo.srcs/sim_1/new/Tomatulo_part1_TestBench.vhd]
launch_simulation
INFO: [Vivado 12-5682] Launching behavioral simulation in 'C:/Users/Manoz/Desktop/Computer_Architecture/Project/CPUArchitecture/Computer_Architecture_07_2019_Labogialo.sim/sim_1/behav/xsim'
INFO: [SIM-utils-51] Simulation object is 'sim_1'
INFO: [SIM-utils-54] Inspecting design source files for 'tb_ROB' in fileset 'sim_1'...
INFO: [USF-XSim-97] Finding global include files...
INFO: [USF-XSim-100] Fetching design files from 'sources_1'...(this may take a while)...
INFO: [USF-XSim-101] Fetching design files from 'sim_1'...
INFO: [USF-XSim-2] XSim::Compile design
INFO: [USF-XSim-61] Executing 'COMPILE and ANALYZE' step in 'C:/Users/Manoz/Desktop/Computer_Architecture/Project/CPUArchitecture/Computer_Architecture_07_2019_Labogialo.sim/sim_1/behav/xsim'
"xvhdl --incr --relax -prj tb_ROB_vhdl.prj"
INFO: [USF-XSim-69] 'compile' step finished in '1' seconds
INFO: [USF-XSim-3] XSim::Elaborate design
INFO: [USF-XSim-61] Executing 'ELABORATE' step in 'C:/Users/Manoz/Desktop/Computer_Architecture/Project/CPUArchitecture/Computer_Architecture_07_2019_Labogialo.sim/sim_1/behav/xsim'
Vivado Simulator 2018.2
Copyright 1986-1999, 2001-2018 Xilinx, Inc. All Rights Reserved.
Running: C:/Xilinx/Vivado/2018.2/bin/unwrapped/win64.o/xelab.exe -wto 0aa84a4a237a4637bc7b367928729c99 --incr --debug typical --relax --mt 2 -L xil_defaultlib -L secureip --snapshot tb_ROB_behav xil_defaultlib.tb_ROB -log elaborate.log 
Using 2 slave threads.
Starting static elaboration
Completed static elaboration
INFO: [XSIM 43-4323] No Change in HDL. Linking previously generated obj files to create kernel
INFO: [USF-XSim-69] 'elaborate' step finished in '2' seconds
INFO: [USF-XSim-4] XSim::Simulate design
INFO: [USF-XSim-61] Executing 'SIMULATE' step in 'C:/Users/Manoz/Desktop/Computer_Architecture/Project/CPUArchitecture/Computer_Architecture_07_2019_Labogialo.sim/sim_1/behav/xsim'
INFO: [USF-XSim-98] *** Running xsim
   with args "tb_ROB_behav -key {Behavioral:sim_1:Functional:tb_ROB} -tclbatch {tb_ROB.tcl} -view {C:/Users/Manoz/Desktop/Computer_Architecture/Project/CPUArchitecture/tb_Tomatulo_behav.wcfg} -log {simulate.log}"
INFO: [USF-XSim-8] Loading simulator feature
Vivado Simulator 2018.2
Time resolution is 1 ps
open_wave_config C:/Users/Manoz/Desktop/Computer_Architecture/Project/CPUArchitecture/tb_Tomatulo_behav.wcfg
WARNING: Simulation object /tb_Tomatulo/CLK was not found in the design.
WARNING: Simulation object /tb_Tomatulo/R_dest was not found in the design.
WARNING: Simulation object /tb_Tomatulo/Rk_addr was not found in the design.
WARNING: Simulation object /tb_Tomatulo/Rj_addr was not found in the design.
WARNING: Simulation object /tb_Tomatulo/dut/MC_Unit/OpCode was not found in the design.
WARNING: Simulation object /tb_Tomatulo/Issue_in was not found in the design.
WARNING: Simulation object /tb_Tomatulo/Accepted was not found in the design.
WARNING: Simulation object /tb_Tomatulo/dut/MC_Unit/MC_RS_FU_A_Unit/RS_A/OpCode_RS1_OUT was not found in the design.
WARNING: Simulation object /tb_Tomatulo/dut/MC_Unit/MC_RS_FU_A_Unit/RS_A/OpCode_RS2_OUT was not found in the design.
WARNING: Simulation object /tb_Tomatulo/dut/MC_Unit/MC_RS_FU_A_Unit/RS_A/OpCode_RS3_OUT was not found in the design.
WARNING: Simulation object /tb_Tomatulo/dut/MC_Unit/MC_RS_FU_L_Unit/RS_L/OpCode_RS1_OUT was not found in the design.
WARNING: Simulation object /tb_Tomatulo/dut/MC_Unit/MC_RS_FU_L_Unit/RS_L/OpCode_RS2_OUT was not found in the design.
WARNING: Simulation object /tb_Tomatulo/dut/MC_Unit/MC_RS_FU_A_Unit/FU_A/Tag_1 was not found in the design.
WARNING: Simulation object /tb_Tomatulo/dut/MC_Unit/MC_RS_FU_A_Unit/FU_A/Tag_2 was not found in the design.
WARNING: Simulation object /tb_Tomatulo/dut/MC_Unit/MC_RS_FU_A_Unit/FU_A/Tag_OUT was not found in the design.
WARNING: Simulation object /tb_Tomatulo/dut/MC_Unit/MC_RS_FU_A_Unit/FU_A/Result_A was not found in the design.
WARNING: Simulation object /tb_Tomatulo/dut/MC_Unit/MC_RS_FU_L_Unit/FU_L/Tag_1 was not found in the design.
WARNING: Simulation object /tb_Tomatulo/dut/MC_Unit/MC_RS_FU_L_Unit/FU_L/Tag_OUT was not found in the design.
WARNING: Simulation object /tb_Tomatulo/dut/MC_Unit/MC_RS_FU_L_Unit/FU_L/Result_L was not found in the design.
WARNING: Simulation object /tb_Tomatulo/dut/MC_Unit/Poke_out_A was not found in the design.
WARNING: Simulation object /tb_Tomatulo/dut/MC_Unit/Grand_in_A was not found in the design.
WARNING: Simulation object /tb_Tomatulo/dut/MC_Unit/Poke_out_L was not found in the design.
WARNING: Simulation object /tb_Tomatulo/dut/MC_Unit/Grand_in_L was not found in the design.
WARNING: Simulation object /tb_Tomatulo/dut/CDB_Unit/CDB_V_OUT was not found in the design.
WARNING: Simulation object /tb_Tomatulo/dut/CDB_Unit/CDB_Q_OUT was not found in the design.
WARNING: Simulation object /tb_Tomatulo/dut/RF_Unit/R1/R_OUT was not found in the design.
WARNING: Simulation object /tb_Tomatulo/dut/RF_Unit/R2/R_OUT was not found in the design.
WARNING: Simulation object /tb_Tomatulo/dut/RF_Unit/R3/R_OUT was not found in the design.
WARNING: Simulation object /tb_Tomatulo/dut/RF_Unit/R4/R_OUT was not found in the design.
WARNING: Simulation object /tb_Tomatulo/dut/RF_Unit/R5/R_OUT was not found in the design.
WARNING: Simulation object /tb_Tomatulo/dut/RF_Unit/R6/R_OUT was not found in the design.
WARNING: Simulation object /tb_Tomatulo/dut/RF_Unit/R7/R_OUT was not found in the design.
WARNING: Simulation object /tb_Tomatulo/dut/RF_Unit/R8/R_OUT was not found in the design.
source tb_ROB.tcl
# set curr_wave [current_wave_config]
# if { [string length $curr_wave] == 0 } {
#   if { [llength [get_objects]] > 0} {
#     add_wave /
#     set_property needs_save false [current_wave_config]
#   } else {
#      send_msg_id Add_Wave-1 WARNING "No top level signals found. Simulator will start without a wave window. If you want to open a wave window go to 'File->New Waveform Configuration' or type 'create_wave_config' in the TCL console."
#   }
# }
# run 1000ns
INFO: [USF-XSim-96] XSim completed. Design snapshot 'tb_ROB_behav' loaded.
INFO: [USF-XSim-97] XSim simulation ran for 1000ns
close_sim
INFO: [Simtcl 6-16] Simulation closed
set_property is_enabled true [get_files  C:/Users/Manoz/Desktop/Computer_Architecture/Project/CPUArchitecture/tb_Tomatulo_behav_1_Instruction_Bench.wcfg]
set_property is_enabled false [get_files  {C:/Users/Manoz/Desktop/Computer_Architecture/Project/CPUArchitecture/tb_Tomatulo_behav.wcfg C:/Users/Manoz/Desktop/Computer_Architecture/Project/CPUArchitecture/tb_Tomatulo_behav_1_Instruction_Bench.wcfg}]
launch_simulation
INFO: [Vivado 12-5682] Launching behavioral simulation in 'C:/Users/Manoz/Desktop/Computer_Architecture/Project/CPUArchitecture/Computer_Architecture_07_2019_Labogialo.sim/sim_1/behav/xsim'
INFO: [SIM-utils-51] Simulation object is 'sim_1'
INFO: [SIM-utils-54] Inspecting design source files for 'tb_ROB' in fileset 'sim_1'...
INFO: [USF-XSim-97] Finding global include files...
INFO: [USF-XSim-100] Fetching design files from 'sources_1'...(this may take a while)...
INFO: [USF-XSim-101] Fetching design files from 'sim_1'...
INFO: [USF-XSim-2] XSim::Compile design
INFO: [USF-XSim-61] Executing 'COMPILE and ANALYZE' step in 'C:/Users/Manoz/Desktop/Computer_Architecture/Project/CPUArchitecture/Computer_Architecture_07_2019_Labogialo.sim/sim_1/behav/xsim'
"xvhdl --incr --relax -prj tb_ROB_vhdl.prj"
INFO: [USF-XSim-69] 'compile' step finished in '1' seconds
INFO: [USF-XSim-3] XSim::Elaborate design
INFO: [USF-XSim-61] Executing 'ELABORATE' step in 'C:/Users/Manoz/Desktop/Computer_Architecture/Project/CPUArchitecture/Computer_Architecture_07_2019_Labogialo.sim/sim_1/behav/xsim'
Vivado Simulator 2018.2
Copyright 1986-1999, 2001-2018 Xilinx, Inc. All Rights Reserved.
Running: C:/Xilinx/Vivado/2018.2/bin/unwrapped/win64.o/xelab.exe -wto 0aa84a4a237a4637bc7b367928729c99 --incr --debug typical --relax --mt 2 -L xil_defaultlib -L secureip --snapshot tb_ROB_behav xil_defaultlib.tb_ROB -log elaborate.log 
Using 2 slave threads.
Starting static elaboration
Completed static elaboration
INFO: [XSIM 43-4323] No Change in HDL. Linking previously generated obj files to create kernel
INFO: [USF-XSim-69] 'elaborate' step finished in '2' seconds
INFO: [USF-XSim-4] XSim::Simulate design
INFO: [USF-XSim-61] Executing 'SIMULATE' step in 'C:/Users/Manoz/Desktop/Computer_Architecture/Project/CPUArchitecture/Computer_Architecture_07_2019_Labogialo.sim/sim_1/behav/xsim'
INFO: [USF-XSim-98] *** Running xsim
   with args "tb_ROB_behav -key {Behavioral:sim_1:Functional:tb_ROB} -tclbatch {tb_ROB.tcl} -log {simulate.log}"
INFO: [USF-XSim-8] Loading simulator feature
Vivado Simulator 2018.2
Time resolution is 1 ps
source tb_ROB.tcl
# set curr_wave [current_wave_config]
# if { [string length $curr_wave] == 0 } {
#   if { [llength [get_objects]] > 0} {
#     add_wave /
#     set_property needs_save false [current_wave_config]
#   } else {
#      send_msg_id Add_Wave-1 WARNING "No top level signals found. Simulator will start without a wave window. If you want to open a wave window go to 'File->New Waveform Configuration' or type 'create_wave_config' in the TCL console."
#   }
# }
# run 1000ns
INFO: [USF-XSim-96] XSim completed. Design snapshot 'tb_ROB_behav' loaded.
INFO: [USF-XSim-97] XSim simulation ran for 1000ns
restart
INFO: [Simtcl 6-17] Simulation restarted
run 200 ns
relaunch_sim
INFO: [Vivado 12-5682] Launching behavioral simulation in 'C:/Users/Manoz/Desktop/Computer_Architecture/Project/CPUArchitecture/Computer_Architecture_07_2019_Labogialo.sim/sim_1/behav/xsim'
INFO: [SIM-utils-51] Simulation object is 'sim_1'
INFO: [SIM-utils-54] Inspecting design source files for 'tb_ROB' in fileset 'sim_1'...
INFO: [USF-XSim-97] Finding global include files...
INFO: [USF-XSim-100] Fetching design files from 'sources_1'...(this may take a while)...
INFO: [USF-XSim-101] Fetching design files from 'sim_1'...
INFO: [USF-XSim-2] XSim::Compile design
INFO: [USF-XSim-61] Executing 'COMPILE and ANALYZE' step in 'C:/Users/Manoz/Desktop/Computer_Architecture/Project/CPUArchitecture/Computer_Architecture_07_2019_Labogialo.sim/sim_1/behav/xsim'
"xvhdl --incr --relax -prj tb_ROB_vhdl.prj"
INFO: [VRFC 10-163] Analyzing VHDL file "C:/Users/Manoz/Desktop/Computer_Architecture/Project/CPUArchitecture/Computer_Architecture_07_2019_Labogialo.srcs/sim_1/new/tb_ROB.vhd" into library xil_defaultlib
INFO: [VRFC 10-307] analyzing entity tb_ROB
INFO: [USF-XSim-69] 'compile' step finished in '2' seconds
INFO: [Vivado 12-5682] Launching behavioral simulation in 'C:/Users/Manoz/Desktop/Computer_Architecture/Project/CPUArchitecture/Computer_Architecture_07_2019_Labogialo.sim/sim_1/behav/xsim'
INFO: [USF-XSim-3] XSim::Elaborate design
INFO: [USF-XSim-61] Executing 'ELABORATE' step in 'C:/Users/Manoz/Desktop/Computer_Architecture/Project/CPUArchitecture/Computer_Architecture_07_2019_Labogialo.sim/sim_1/behav/xsim'
Vivado Simulator 2018.2
Copyright 1986-1999, 2001-2018 Xilinx, Inc. All Rights Reserved.
Running: C:/Xilinx/Vivado/2018.2/bin/unwrapped/win64.o/xelab.exe -wto 0aa84a4a237a4637bc7b367928729c99 --incr --debug typical --relax --mt 2 -L xil_defaultlib -L secureip --snapshot tb_ROB_behav xil_defaultlib.tb_ROB -log elaborate.log 
Using 2 slave threads.
Starting static elaboration
Completed static elaboration
Starting simulation data flow analysis
Completed simulation data flow analysis
Time Resolution for simulation is 1ps
Compiling package std.standard
Compiling package std.textio
Compiling package ieee.std_logic_1164
Compiling package ieee.std_logic_arith
Compiling package ieee.std_logic_unsigned
Compiling package ieee.numeric_std
Compiling architecture behavioral of entity xil_defaultlib.ROB [rob_default]
Compiling architecture tb of entity xil_defaultlib.tb_rob
Built simulation snapshot tb_ROB_behav
INFO: [USF-XSim-69] 'elaborate' step finished in '2' seconds
Vivado Simulator 2018.2
Time resolution is 1 ps
relaunch_sim: Time (s): cpu = 00:00:01 ; elapsed = 00:00:06 . Memory (MB): peak = 830.176 ; gain = 0.000
close_sim
INFO: [Simtcl 6-16] Simulation closed
launch_simulation
INFO: [Vivado 12-5682] Launching behavioral simulation in 'C:/Users/Manoz/Desktop/Computer_Architecture/Project/CPUArchitecture/Computer_Architecture_07_2019_Labogialo.sim/sim_1/behav/xsim'
INFO: [SIM-utils-51] Simulation object is 'sim_1'
INFO: [SIM-utils-54] Inspecting design source files for 'tb_ROB' in fileset 'sim_1'...
INFO: [USF-XSim-97] Finding global include files...
INFO: [USF-XSim-100] Fetching design files from 'sources_1'...(this may take a while)...
INFO: [USF-XSim-101] Fetching design files from 'sim_1'...
INFO: [USF-XSim-2] XSim::Compile design
INFO: [USF-XSim-61] Executing 'COMPILE and ANALYZE' step in 'C:/Users/Manoz/Desktop/Computer_Architecture/Project/CPUArchitecture/Computer_Architecture_07_2019_Labogialo.sim/sim_1/behav/xsim'
"xvhdl --incr --relax -prj tb_ROB_vhdl.prj"
INFO: [VRFC 10-163] Analyzing VHDL file "C:/Users/Manoz/Desktop/Computer_Architecture/Project/CPUArchitecture/Computer_Architecture_07_2019_Labogialo.srcs/sources_1/new/ROB.vhd" into library xil_defaultlib
INFO: [VRFC 10-307] analyzing entity ROB
INFO: [USF-XSim-69] 'compile' step finished in '1' seconds
INFO: [USF-XSim-3] XSim::Elaborate design
INFO: [USF-XSim-61] Executing 'ELABORATE' step in 'C:/Users/Manoz/Desktop/Computer_Architecture/Project/CPUArchitecture/Computer_Architecture_07_2019_Labogialo.sim/sim_1/behav/xsim'
Vivado Simulator 2018.2
Copyright 1986-1999, 2001-2018 Xilinx, Inc. All Rights Reserved.
Running: C:/Xilinx/Vivado/2018.2/bin/unwrapped/win64.o/xelab.exe -wto 0aa84a4a237a4637bc7b367928729c99 --incr --debug typical --relax --mt 2 -L xil_defaultlib -L secureip --snapshot tb_ROB_behav xil_defaultlib.tb_ROB -log elaborate.log 
Using 2 slave threads.
Starting static elaboration
Completed static elaboration
Starting simulation data flow analysis
Completed simulation data flow analysis
Time Resolution for simulation is 1ps
Compiling package std.standard
Compiling package std.textio
Compiling package ieee.std_logic_1164
Compiling package ieee.std_logic_arith
Compiling package ieee.std_logic_unsigned
Compiling package ieee.numeric_std
Compiling architecture behavioral of entity xil_defaultlib.ROB [rob_default]
Compiling architecture tb of entity xil_defaultlib.tb_rob
Built simulation snapshot tb_ROB_behav
INFO: [USF-XSim-69] 'elaborate' step finished in '3' seconds
INFO: [USF-XSim-4] XSim::Simulate design
INFO: [USF-XSim-61] Executing 'SIMULATE' step in 'C:/Users/Manoz/Desktop/Computer_Architecture/Project/CPUArchitecture/Computer_Architecture_07_2019_Labogialo.sim/sim_1/behav/xsim'
INFO: [USF-XSim-98] *** Running xsim
   with args "tb_ROB_behav -key {Behavioral:sim_1:Functional:tb_ROB} -tclbatch {tb_ROB.tcl} -log {simulate.log}"
INFO: [USF-XSim-8] Loading simulator feature
Vivado Simulator 2018.2
Time resolution is 1 ps
source tb_ROB.tcl
# set curr_wave [current_wave_config]
# if { [string length $curr_wave] == 0 } {
#   if { [llength [get_objects]] > 0} {
#     add_wave /
#     set_property needs_save false [current_wave_config]
#   } else {
#      send_msg_id Add_Wave-1 WARNING "No top level signals found. Simulator will start without a wave window. If you want to open a wave window go to 'File->New Waveform Configuration' or type 'create_wave_config' in the TCL console."
#   }
# }
# run 1000ns
INFO: [USF-XSim-96] XSim completed. Design snapshot 'tb_ROB_behav' loaded.
INFO: [USF-XSim-97] XSim simulation ran for 1000ns
launch_simulation: Time (s): cpu = 00:00:03 ; elapsed = 00:00:07 . Memory (MB): peak = 830.176 ; gain = 0.000
restart
INFO: [Simtcl 6-17] Simulation restarted
run 200 ns
relaunch_sim
INFO: [Vivado 12-5682] Launching behavioral simulation in 'C:/Users/Manoz/Desktop/Computer_Architecture/Project/CPUArchitecture/Computer_Architecture_07_2019_Labogialo.sim/sim_1/behav/xsim'
INFO: [SIM-utils-51] Simulation object is 'sim_1'
INFO: [SIM-utils-54] Inspecting design source files for 'tb_ROB' in fileset 'sim_1'...
INFO: [USF-XSim-97] Finding global include files...
INFO: [USF-XSim-100] Fetching design files from 'sources_1'...(this may take a while)...
INFO: [USF-XSim-101] Fetching design files from 'sim_1'...
INFO: [USF-XSim-2] XSim::Compile design
INFO: [USF-XSim-61] Executing 'COMPILE and ANALYZE' step in 'C:/Users/Manoz/Desktop/Computer_Architecture/Project/CPUArchitecture/Computer_Architecture_07_2019_Labogialo.sim/sim_1/behav/xsim'
"xvhdl --incr --relax -prj tb_ROB_vhdl.prj"
INFO: [VRFC 10-163] Analyzing VHDL file "C:/Users/Manoz/Desktop/Computer_Architecture/Project/CPUArchitecture/Computer_Architecture_07_2019_Labogialo.srcs/sources_1/new/ROB.vhd" into library xil_defaultlib
INFO: [VRFC 10-307] analyzing entity ROB
INFO: [USF-XSim-69] 'compile' step finished in '1' seconds
INFO: [Vivado 12-5682] Launching behavioral simulation in 'C:/Users/Manoz/Desktop/Computer_Architecture/Project/CPUArchitecture/Computer_Architecture_07_2019_Labogialo.sim/sim_1/behav/xsim'
INFO: [USF-XSim-3] XSim::Elaborate design
INFO: [USF-XSim-61] Executing 'ELABORATE' step in 'C:/Users/Manoz/Desktop/Computer_Architecture/Project/CPUArchitecture/Computer_Architecture_07_2019_Labogialo.sim/sim_1/behav/xsim'
Vivado Simulator 2018.2
Copyright 1986-1999, 2001-2018 Xilinx, Inc. All Rights Reserved.
Running: C:/Xilinx/Vivado/2018.2/bin/unwrapped/win64.o/xelab.exe -wto 0aa84a4a237a4637bc7b367928729c99 --incr --debug typical --relax --mt 2 -L xil_defaultlib -L secureip --snapshot tb_ROB_behav xil_defaultlib.tb_ROB -log elaborate.log 
Using 2 slave threads.
Starting static elaboration
Completed static elaboration
Starting simulation data flow analysis
Completed simulation data flow analysis
Time Resolution for simulation is 1ps
Compiling package std.standard
Compiling package std.textio
Compiling package ieee.std_logic_1164
Compiling package ieee.std_logic_arith
Compiling package ieee.std_logic_unsigned
Compiling package ieee.numeric_std
Compiling architecture behavioral of entity xil_defaultlib.ROB [rob_default]
Compiling architecture tb of entity xil_defaultlib.tb_rob
Built simulation snapshot tb_ROB_behav
INFO: [USF-XSim-69] 'elaborate' step finished in '3' seconds
Vivado Simulator 2018.2
Time resolution is 1 ps
relaunch_sim: Time (s): cpu = 00:00:01 ; elapsed = 00:00:07 . Memory (MB): peak = 830.176 ; gain = 0.000
relaunch_sim
INFO: [Vivado 12-5682] Launching behavioral simulation in 'C:/Users/Manoz/Desktop/Computer_Architecture/Project/CPUArchitecture/Computer_Architecture_07_2019_Labogialo.sim/sim_1/behav/xsim'
INFO: [SIM-utils-51] Simulation object is 'sim_1'
INFO: [SIM-utils-54] Inspecting design source files for 'tb_ROB' in fileset 'sim_1'...
INFO: [USF-XSim-97] Finding global include files...
INFO: [USF-XSim-100] Fetching design files from 'sources_1'...(this may take a while)...
INFO: [USF-XSim-101] Fetching design files from 'sim_1'...
INFO: [USF-XSim-2] XSim::Compile design
INFO: [USF-XSim-61] Executing 'COMPILE and ANALYZE' step in 'C:/Users/Manoz/Desktop/Computer_Architecture/Project/CPUArchitecture/Computer_Architecture_07_2019_Labogialo.sim/sim_1/behav/xsim'
"xvhdl --incr --relax -prj tb_ROB_vhdl.prj"
INFO: [VRFC 10-163] Analyzing VHDL file "C:/Users/Manoz/Desktop/Computer_Architecture/Project/CPUArchitecture/Computer_Architecture_07_2019_Labogialo.srcs/sources_1/new/ROB.vhd" into library xil_defaultlib
INFO: [VRFC 10-307] analyzing entity ROB
INFO: [USF-XSim-69] 'compile' step finished in '1' seconds
INFO: [Vivado 12-5682] Launching behavioral simulation in 'C:/Users/Manoz/Desktop/Computer_Architecture/Project/CPUArchitecture/Computer_Architecture_07_2019_Labogialo.sim/sim_1/behav/xsim'
INFO: [USF-XSim-3] XSim::Elaborate design
INFO: [USF-XSim-61] Executing 'ELABORATE' step in 'C:/Users/Manoz/Desktop/Computer_Architecture/Project/CPUArchitecture/Computer_Architecture_07_2019_Labogialo.sim/sim_1/behav/xsim'
Vivado Simulator 2018.2
Copyright 1986-1999, 2001-2018 Xilinx, Inc. All Rights Reserved.
Running: C:/Xilinx/Vivado/2018.2/bin/unwrapped/win64.o/xelab.exe -wto 0aa84a4a237a4637bc7b367928729c99 --incr --debug typical --relax --mt 2 -L xil_defaultlib -L secureip --snapshot tb_ROB_behav xil_defaultlib.tb_ROB -log elaborate.log 
Using 2 slave threads.
Starting static elaboration
Completed static elaboration
Starting simulation data flow analysis
Completed simulation data flow analysis
Time Resolution for simulation is 1ps
Compiling package std.standard
Compiling package std.textio
Compiling package ieee.std_logic_1164
Compiling package ieee.std_logic_arith
Compiling package ieee.std_logic_unsigned
Compiling package ieee.numeric_std
Compiling architecture behavioral of entity xil_defaultlib.ROB [rob_default]
Compiling architecture tb of entity xil_defaultlib.tb_rob
Built simulation snapshot tb_ROB_behav
INFO: [USF-XSim-69] 'elaborate' step finished in '2' seconds
Vivado Simulator 2018.2
Time resolution is 1 ps
relaunch_sim: Time (s): cpu = 00:00:02 ; elapsed = 00:00:07 . Memory (MB): peak = 830.176 ; gain = 0.000
