#-----------------------------------------------------------
# Vivado v2018.2 (64-bit)
# SW Build 2258646 on Thu Jun 14 20:03:12 MDT 2018
# IP Build 2256618 on Thu Jun 14 22:10:49 MDT 2018
# Start of session at: Sat Dec 22 16:04:14 2018
# Process ID: 5388
# Current directory: C:/Users/Labis/Desktop/part4
# Command line: vivado.exe -gui_launcher_event rodinguilauncherevent13676 C:\Users\Labis\Desktop\part4\Computer_Architecture_07_2019_Labogialo.xpr
# Log file: C:/Users/Labis/Desktop/part4/vivado.log
# Journal file: C:/Users/Labis/Desktop/part4\vivado.jou
#-----------------------------------------------------------
start_gui
open_project C:/Users/Labis/Desktop/part4/Computer_Architecture_07_2019_Labogialo.xpr
INFO: [Project 1-313] Project file moved from 'C:/Users/Labis/Desktop/Computer_Architecture_07_2019_Labogialo' since last save.
Scanning sources...
Finished scanning sources
INFO: [IP_Flow 19-234] Refreshing IP repositories
INFO: [IP_Flow 19-1704] No user IP repositories specified
INFO: [IP_Flow 19-2313] Loaded Vivado IP repository 'E:/Xilinx/Vivado/2018.2/data/ip'.
open_project: Time (s): cpu = 00:00:09 ; elapsed = 00:00:14 . Memory (MB): peak = 723.980 ; gain = 69.293
exit
INFO: [Common 17-206] Exiting Vivado at Sat Dec 22 16:05:51 2018...
