#-----------------------------------------------------------
# Vivado v2018.2 (64-bit)
# SW Build 2258646 on Thu Jun 14 20:03:12 MDT 2018
# IP Build 2256618 on Thu Jun 14 22:10:49 MDT 2018
# Start of session at: Wed Oct 17 20:06:48 2018
# Process ID: 3984
# Current directory: L:/VidadoLabs/Computer_Architecture_07_2019_Labogialo
# Command line: vivado.exe -gui_launcher_event rodinguilauncherevent16164 L:\VidadoLabs\Computer_Architecture_07_2019_Labogialo\Computer_Architecture_07_2019_Labogialo.xpr
# Log file: L:/VidadoLabs/Computer_Architecture_07_2019_Labogialo/vivado.log
# Journal file: L:/VidadoLabs/Computer_Architecture_07_2019_Labogialo\vivado.jou
#-----------------------------------------------------------
start_gui
open_project L:/VidadoLabs/Computer_Architecture_07_2019_Labogialo/Computer_Architecture_07_2019_Labogialo.xpr
INFO: [Project 1-313] Project file moved from 'C:/Users/Labis/Desktop/Computer_Architecture_07_2019_Labogialo' since last save.
CRITICAL WARNING: [Project 1-311] Could not find the file 'L:/VidadoLabs/test1_1/FU_A_Bench.vhd', nor could it be found using path 'C:/Users/Labis/Desktop/test1_1/FU_A_Bench.vhd'.
CRITICAL WARNING: [Project 1-311] Could not find the file 'L:/VidadoLabs/test1_1/FU_Arithmetic_Bench.vhd', nor could it be found using path 'C:/Users/Labis/Desktop/test1_1/FU_Arithmetic_Bench.vhd'.
CRITICAL WARNING: [Project 1-311] Could not find the file 'L:/labogialo/labogialo/FU_A_Bench_behav.wcfg', nor could it be found using path 'C:/Users/Labis/labogialo/labogialo/FU_A_Bench_behav.wcfg'.
CRITICAL WARNING: [Project 1-311] Could not find the file 'L:/VidadoLabs/Latest_basic_funct_fu_rs_working/Latest/tb_MC_RS_FU_A_behav.wcfg', nor could it be found using path 'C:/Users/Labis/Desktop/Latest_basic_funct_fu_rs_working/Latest/tb_MC_RS_FU_A_behav.wcfg'.
CRITICAL WARNING: [Project 1-311] Could not find the file 'L:/VidadoLabs/Latest_basic_funct_fu_rs_working/Latest/tb_MC_RS_FU_A_behav_2.wcfg', nor could it be found using path 'C:/Users/Labis/Desktop/Latest_basic_funct_fu_rs_working/Latest/tb_MC_RS_FU_A_behav_2.wcfg'.
Scanning sources...
Finished scanning sources
INFO: [IP_Flow 19-234] Refreshing IP repositories
INFO: [IP_Flow 19-1704] No user IP repositories specified
INFO: [IP_Flow 19-2313] Loaded Vivado IP repository 'L:/Xilinx/Vivado/2018.2/data/ip'.
update_compile_order -fileset sources_1
close [ open L:/VidadoLabs/Computer_Architecture_07_2019_Labogialo/Computer_Architecture_07_2019_Labogialo.srcs/sources_1/new/Tomatulo.vhd w ]
add_files L:/VidadoLabs/Computer_Architecture_07_2019_Labogialo/Computer_Architecture_07_2019_Labogialo.srcs/sources_1/new/Tomatulo.vhd
update_compile_order -fileset sources_1
exit
INFO: [Common 17-206] Exiting Vivado at Wed Oct 17 21:50:36 2018...
