Vivado Simulator 2018.2
Copyright 1986-1999, 2001-2018 Xilinx, Inc. All Rights Reserved.
Running: L:/Xilinx/Vivado/2018.2/bin/unwrapped/win64.o/xelab.exe -wto 0aa84a4a237a4637bc7b367928729c99 --incr --debug typical --relax --mt 2 -L xil_defaultlib -L secureip --snapshot tb_Tomatulo_behav xil_defaultlib.tb_Tomatulo -log elaborate.log 
Using 2 slave threads.
Starting static elaboration
Completed static elaboration
Starting simulation data flow analysis
Completed simulation data flow analysis
Time Resolution for simulation is 1ps
Compiling package std.standard
Compiling package std.textio
Compiling package ieee.std_logic_1164
Compiling package ieee.numeric_std
Compiling architecture behavioral of entity xil_defaultlib.Issue [issue_default]
Compiling architecture behavioral of entity xil_defaultlib.CDB [cdb_default]
Compiling architecture behavioral of entity xil_defaultlib.RF_part [rf_part_default]
Compiling architecture behavioral of entity xil_defaultlib.RF [rf_default]
Compiling architecture behavioral of entity xil_defaultlib.Reg_5bit [reg_5bit_default]
Compiling architecture behavioral of entity xil_defaultlib.Reg_32bit [reg_32bit_default]
Compiling architecture behavioral of entity xil_defaultlib.FU_Arithmetic [fu_arithmetic_default]
Compiling architecture behavioral of entity xil_defaultlib.RS_part [rs_part_default]
Compiling architecture behavioral of entity xil_defaultlib.RS_Arithmetic [rs_arithmetic_default]
Compiling architecture behavioral of entity xil_defaultlib.MC_RS_FU_A [mc_rs_fu_a_default]
Compiling architecture behavioral of entity xil_defaultlib.FU_Logical [fu_logical_default]
Compiling architecture behavioral of entity xil_defaultlib.RS_Logical [rs_logical_default]
Compiling architecture behavioral of entity xil_defaultlib.MC_RS_FU_L [mc_rs_fu_l_default]
Compiling architecture behavioral of entity xil_defaultlib.MC [mc_default]
Compiling architecture behavioral of entity xil_defaultlib.Tomatulo [tomatulo_default]
Compiling architecture tb of entity xil_defaultlib.tb_tomatulo
Built simulation snapshot tb_Tomatulo_behav
